Using Keras version 2.1.0
Found 751 images belonging to 2 classes.
Found 187 images belonging to 2 classes.
Epoch 1/10

 1/23 [>.............................] - ETA: 1:41 - loss: 0.7035 - acc: 0.3438
 2/23 [=>............................] - ETA: 55s - loss: 1.5391 - acc: 0.4219 
 3/23 [==>...........................] - ETA: 39s - loss: 1.3558 - acc: 0.4167
 4/23 [====>.........................] - ETA: 31s - loss: 1.1747 - acc: 0.4688
 5/23 [=====>........................] - ETA: 26s - loss: 1.0669 - acc: 0.4938
 6/23 [======>.......................] - ETA: 22s - loss: 1.0103 - acc: 0.4844
 7/23 [========>.....................] - ETA: 19s - loss: 0.9626 - acc: 0.5045
 8/23 [=========>....................] - ETA: 17s - loss: 0.9207 - acc: 0.5234
 9/23 [==========>...................] - ETA: 15s - loss: 0.9007 - acc: 0.5174
10/23 [============>.................] - ETA: 13s - loss: 0.8757 - acc: 0.5312
11/23 [=============>................] - ETA: 12s - loss: 0.8539 - acc: 0.5483
12/23 [==============>...............] - ETA: 10s - loss: 0.8381 - acc: 0.5391
13/23 [===============>..............] - ETA: 9s - loss: 0.8210 - acc: 0.5553 
14/23 [=================>............] - ETA: 8s - loss: 0.8081 - acc: 0.5625
15/23 [==================>...........] - ETA: 7s - loss: 0.7938 - acc: 0.5750
16/23 [===================>..........] - ETA: 6s - loss: 0.7781 - acc: 0.5859
17/23 [=====================>........] - ETA: 5s - loss: 0.7637 - acc: 0.5938
18/23 [======================>.......] - ETA: 4s - loss: 0.7499 - acc: 0.6024
19/23 [=======================>......] - ETA: 3s - loss: 0.7436 - acc: 0.6003
20/23 [=========================>....] - ETA: 2s - loss: 0.7355 - acc: 0.6078
21/23 [==========================>...] - ETA: 1s - loss: 0.7254 - acc: 0.6176
22/23 [===========================>..] - ETA: 0s - loss: 0.7174 - acc: 0.6207
24/23 [===============================] - 27s 1s/step - loss: 0.6984 - acc: 0.6438 - val_loss: 0.6472 - val_acc: 0.5829
Epoch 2/10

 1/23 [>.............................] - ETA: 14s - loss: 0.6926 - acc: 0.5625
 2/23 [=>............................] - ETA: 13s - loss: 0.5750 - acc: 0.6719
 3/23 [==>...........................] - ETA: 12s - loss: 0.5944 - acc: 0.6771
 4/23 [====>.........................] - ETA: 12s - loss: 0.5921 - acc: 0.7031
 5/23 [=====>........................] - ETA: 11s - loss: 0.5935 - acc: 0.6875
 6/23 [======>.......................] - ETA: 10s - loss: 0.5973 - acc: 0.6927
 7/23 [========>.....................] - ETA: 10s - loss: 0.5919 - acc: 0.6786
 8/23 [=========>....................] - ETA: 9s - loss: 0.5820 - acc: 0.6836 
 9/23 [==========>...................] - ETA: 8s - loss: 0.5794 - acc: 0.6910
10/23 [============>.................] - ETA: 8s - loss: 0.5687 - acc: 0.7063
11/23 [=============>................] - ETA: 7s - loss: 0.5797 - acc: 0.6905
12/23 [==============>...............] - ETA: 6s - loss: 0.5729 - acc: 0.6929
13/23 [===============>..............] - ETA: 6s - loss: 0.5697 - acc: 0.6925
14/23 [=================>............] - ETA: 5s - loss: 0.5650 - acc: 0.6988
15/23 [==================>...........] - ETA: 4s - loss: 0.5574 - acc: 0.7106
16/23 [===================>..........] - ETA: 4s - loss: 0.5635 - acc: 0.7091
17/23 [=====================>........] - ETA: 3s - loss: 0.5624 - acc: 0.7152
18/23 [======================>.......] - ETA: 3s - loss: 0.5616 - acc: 0.7119
19/23 [=======================>......] - ETA: 2s - loss: 0.5577 - acc: 0.7205
20/23 [=========================>....] - ETA: 1s - loss: 0.5600 - acc: 0.7220
21/23 [==========================>...] - ETA: 1s - loss: 0.5596 - acc: 0.7188
22/23 [===========================>..] - ETA: 0s - loss: 0.5603 - acc: 0.7160
24/23 [===============================] - 22s 916ms/step - loss: 0.5582 - acc: 0.7190 - val_loss: 0.5325 - val_acc: 0.7594
Epoch 3/10

 1/23 [>.............................] - ETA: 17s - loss: 0.5447 - acc: 0.7812
 2/23 [=>............................] - ETA: 15s - loss: 0.5495 - acc: 0.7812
 3/23 [==>...........................] - ETA: 13s - loss: 0.4984 - acc: 0.8125
 4/23 [====>.........................] - ETA: 12s - loss: 0.4832 - acc: 0.8047
 5/23 [=====>........................] - ETA: 12s - loss: 0.4850 - acc: 0.8000
 6/23 [======>.......................] - ETA: 11s - loss: 0.4835 - acc: 0.7969
 7/23 [========>.....................] - ETA: 10s - loss: 0.4711 - acc: 0.8170
 8/23 [=========>....................] - ETA: 9s - loss: 0.4813 - acc: 0.8065 
 9/23 [==========>...................] - ETA: 8s - loss: 0.5065 - acc: 0.7829
10/23 [============>.................] - ETA: 8s - loss: 0.5236 - acc: 0.7733
11/23 [=============>................] - ETA: 7s - loss: 0.5276 - acc: 0.7712
12/23 [==============>...............] - ETA: 6s - loss: 0.5271 - acc: 0.7747
13/23 [===============>..............] - ETA: 6s - loss: 0.5215 - acc: 0.7800
14/23 [=================>............] - ETA: 5s - loss: 0.5261 - acc: 0.7711
15/23 [==================>...........] - ETA: 5s - loss: 0.5269 - acc: 0.7718
16/23 [===================>..........] - ETA: 4s - loss: 0.5254 - acc: 0.7724
17/23 [=====================>........] - ETA: 3s - loss: 0.5197 - acc: 0.7766
18/23 [======================>.......] - ETA: 3s - loss: 0.5141 - acc: 0.7786
19/23 [=======================>......] - ETA: 2s - loss: 0.5114 - acc: 0.7771
20/23 [=========================>....] - ETA: 1s - loss: 0.5097 - acc: 0.7789
21/23 [==========================>...] - ETA: 1s - loss: 0.5084 - acc: 0.7775
22/23 [===========================>..] - ETA: 0s - loss: 0.5094 - acc: 0.7762
24/23 [===============================] - 22s 916ms/step - loss: 0.5083 - acc: 0.7724 - val_loss: 0.4916 - val_acc: 0.7754
Epoch 4/10

 1/23 [>.............................] - ETA: 14s - loss: 0.4067 - acc: 0.7812
 2/23 [=>............................] - ETA: 13s - loss: 0.5837 - acc: 0.7031
 3/23 [==>...........................] - ETA: 12s - loss: 0.5673 - acc: 0.6979
 4/23 [====>.........................] - ETA: 12s - loss: 0.5602 - acc: 0.7031
 5/23 [=====>........................] - ETA: 11s - loss: 0.5296 - acc: 0.7562
 6/23 [======>.......................] - ETA: 10s - loss: 0.5272 - acc: 0.7552
 7/23 [========>.....................] - ETA: 10s - loss: 0.5182 - acc: 0.7634
 8/23 [=========>....................] - ETA: 9s - loss: 0.5097 - acc: 0.7617 
 9/23 [==========>...................] - ETA: 9s - loss: 0.5101 - acc: 0.7569
10/23 [============>.................] - ETA: 8s - loss: 0.5217 - acc: 0.7500
11/23 [=============>................] - ETA: 7s - loss: 0.5094 - acc: 0.7557
12/23 [==============>...............] - ETA: 7s - loss: 0.5065 - acc: 0.7604
13/23 [===============>..............] - ETA: 6s - loss: 0.5009 - acc: 0.7644
14/23 [=================>............] - ETA: 5s - loss: 0.4953 - acc: 0.7679
15/23 [==================>...........] - ETA: 5s - loss: 0.4947 - acc: 0.7688
16/23 [===================>..........] - ETA: 4s - loss: 0.4907 - acc: 0.7749
17/23 [=====================>........] - ETA: 3s - loss: 0.4880 - acc: 0.7716
18/23 [======================>.......] - ETA: 3s - loss: 0.4825 - acc: 0.7756
19/23 [=======================>......] - ETA: 2s - loss: 0.4835 - acc: 0.7775
20/23 [=========================>....] - ETA: 1s - loss: 0.4801 - acc: 0.7793
21/23 [==========================>...] - ETA: 1s - loss: 0.4858 - acc: 0.7719
22/23 [===========================>..] - ETA: 0s - loss: 0.4871 - acc: 0.7723
24/23 [===============================] - 22s 928ms/step - loss: 0.4815 - acc: 0.7782 - val_loss: 0.4765 - val_acc: 0.7701
Epoch 5/10

 1/23 [>.............................] - ETA: 14s - loss: 0.4279 - acc: 0.8438
 2/23 [=>............................] - ETA: 13s - loss: 0.3981 - acc: 0.8438
 3/23 [==>...........................] - ETA: 12s - loss: 0.3870 - acc: 0.8438
 4/23 [====>.........................] - ETA: 12s - loss: 0.3925 - acc: 0.8203
 5/23 [=====>........................] - ETA: 11s - loss: 0.4275 - acc: 0.7750
 6/23 [======>.......................] - ETA: 10s - loss: 0.4306 - acc: 0.7865
 7/23 [========>.....................] - ETA: 10s - loss: 0.4288 - acc: 0.7946
 8/23 [=========>....................] - ETA: 9s - loss: 0.4213 - acc: 0.8008 
 9/23 [==========>...................] - ETA: 9s - loss: 0.4234 - acc: 0.8056
10/23 [============>.................] - ETA: 8s - loss: 0.4398 - acc: 0.7969
11/23 [=============>................] - ETA: 7s - loss: 0.4375 - acc: 0.8040
12/23 [==============>...............] - ETA: 7s - loss: 0.4295 - acc: 0.8151
13/23 [===============>..............] - ETA: 6s - loss: 0.4299 - acc: 0.8173
14/23 [=================>............] - ETA: 5s - loss: 0.4340 - acc: 0.8080
15/23 [==================>...........] - ETA: 5s - loss: 0.4363 - acc: 0.8063
16/23 [===================>..........] - ETA: 4s - loss: 0.4393 - acc: 0.8008
17/23 [=====================>........] - ETA: 3s - loss: 0.4468 - acc: 0.7960
18/23 [======================>.......] - ETA: 3s - loss: 0.4455 - acc: 0.8003
19/23 [=======================>......] - ETA: 2s - loss: 0.4558 - acc: 0.7968
20/23 [=========================>....] - ETA: 1s - loss: 0.4524 - acc: 0.7976
21/23 [==========================>...] - ETA: 1s - loss: 0.4527 - acc: 0.7938
22/23 [===========================>..] - ETA: 0s - loss: 0.4529 - acc: 0.7961
24/23 [===============================] - 22s 922ms/step - loss: 0.4414 - acc: 0.8103 - val_loss: 0.4182 - val_acc: 0.8021
Epoch 6/10

 1/23 [>.............................] - ETA: 16s - loss: 0.4647 - acc: 0.7500
 2/23 [=>............................] - ETA: 14s - loss: 0.5094 - acc: 0.7656
 3/23 [==>...........................] - ETA: 13s - loss: 0.4692 - acc: 0.7708
 4/23 [====>.........................] - ETA: 12s - loss: 0.4501 - acc: 0.7812
 5/23 [=====>........................] - ETA: 12s - loss: 0.4220 - acc: 0.8063
 6/23 [======>.......................] - ETA: 11s - loss: 0.4276 - acc: 0.7969
 7/23 [========>.....................] - ETA: 10s - loss: 0.4300 - acc: 0.7991
 8/23 [=========>....................] - ETA: 9s - loss: 0.4439 - acc: 0.7930 
 9/23 [==========>...................] - ETA: 9s - loss: 0.4488 - acc: 0.7951
10/23 [============>.................] - ETA: 8s - loss: 0.4463 - acc: 0.7969
11/23 [=============>................] - ETA: 7s - loss: 0.4549 - acc: 0.7898
12/23 [==============>...............] - ETA: 7s - loss: 0.4503 - acc: 0.7969
13/23 [===============>..............] - ETA: 6s - loss: 0.4534 - acc: 0.7885
14/23 [=================>............] - ETA: 5s - loss: 0.4524 - acc: 0.7924
15/23 [==================>...........] - ETA: 5s - loss: 0.4424 - acc: 0.8021
16/23 [===================>..........] - ETA: 4s - loss: 0.4480 - acc: 0.7988
17/23 [=====================>........] - ETA: 3s - loss: 0.4493 - acc: 0.7978
18/23 [======================>.......] - ETA: 3s - loss: 0.4473 - acc: 0.7986
19/23 [=======================>......] - ETA: 2s - loss: 0.4466 - acc: 0.8022
20/23 [=========================>....] - ETA: 1s - loss: 0.4472 - acc: 0.8043
21/23 [==========================>...] - ETA: 1s - loss: 0.4523 - acc: 0.8017
22/23 [===========================>..] - ETA: 0s - loss: 0.4500 - acc: 0.8036
24/23 [===============================] - 22s 931ms/step - loss: 0.4393 - acc: 0.8118 - val_loss: 0.4526 - val_acc: 0.7968
Epoch 7/10

 1/23 [>.............................] - ETA: 14s - loss: 0.5390 - acc: 0.7812
 2/23 [=>............................] - ETA: 13s - loss: 0.4272 - acc: 0.8438
 3/23 [==>...........................] - ETA: 12s - loss: 0.4261 - acc: 0.8229
 4/23 [====>.........................] - ETA: 12s - loss: 0.4151 - acc: 0.8203
 5/23 [=====>........................] - ETA: 11s - loss: 0.3994 - acc: 0.8375
 6/23 [======>.......................] - ETA: 10s - loss: 0.3838 - acc: 0.8385
 7/23 [========>.....................] - ETA: 10s - loss: 0.4024 - acc: 0.8259
 8/23 [=========>....................] - ETA: 9s - loss: 0.4034 - acc: 0.8242 
 9/23 [==========>...................] - ETA: 9s - loss: 0.3878 - acc: 0.8403
10/23 [============>.................] - ETA: 8s - loss: 0.3883 - acc: 0.8363
11/23 [=============>................] - ETA: 7s - loss: 0.4066 - acc: 0.8256
12/23 [==============>...............] - ETA: 6s - loss: 0.4043 - acc: 0.8245
13/23 [===============>..............] - ETA: 6s - loss: 0.4103 - acc: 0.8236
14/23 [=================>............] - ETA: 5s - loss: 0.4139 - acc: 0.8228
15/23 [==================>...........] - ETA: 4s - loss: 0.4124 - acc: 0.8242
16/23 [===================>..........] - ETA: 4s - loss: 0.4095 - acc: 0.8254
17/23 [=====================>........] - ETA: 3s - loss: 0.4133 - acc: 0.8265
18/23 [======================>.......] - ETA: 3s - loss: 0.4165 - acc: 0.8205
19/23 [=======================>......] - ETA: 2s - loss: 0.4098 - acc: 0.8250
20/23 [=========================>....] - ETA: 1s - loss: 0.4077 - acc: 0.8259
21/23 [==========================>...] - ETA: 1s - loss: 0.4118 - acc: 0.8208
22/23 [===========================>..] - ETA: 0s - loss: 0.4130 - acc: 0.8219
24/23 [===============================] - 22s 912ms/step - loss: 0.4104 - acc: 0.8228 - val_loss: 0.3882 - val_acc: 0.8289
Epoch 8/10

 1/23 [>.............................] - ETA: 14s - loss: 0.3076 - acc: 0.8438
 2/23 [=>............................] - ETA: 13s - loss: 0.3806 - acc: 0.8125
 3/23 [==>...........................] - ETA: 12s - loss: 0.4076 - acc: 0.8021
 4/23 [====>.........................] - ETA: 12s - loss: 0.3730 - acc: 0.8359
 5/23 [=====>........................] - ETA: 11s - loss: 0.3821 - acc: 0.8313
 6/23 [======>.......................] - ETA: 10s - loss: 0.3886 - acc: 0.8229
 7/23 [========>.....................] - ETA: 10s - loss: 0.3869 - acc: 0.8259
 8/23 [=========>....................] - ETA: 9s - loss: 0.3912 - acc: 0.8242 
 9/23 [==========>...................] - ETA: 9s - loss: 0.3831 - acc: 0.8333
10/23 [============>.................] - ETA: 8s - loss: 0.3723 - acc: 0.8375
11/23 [=============>................] - ETA: 7s - loss: 0.3752 - acc: 0.8409
12/23 [==============>...............] - ETA: 7s - loss: 0.3751 - acc: 0.8438
13/23 [===============>..............] - ETA: 6s - loss: 0.3733 - acc: 0.8486
14/23 [=================>............] - ETA: 5s - loss: 0.3707 - acc: 0.8482
15/23 [==================>...........] - ETA: 5s - loss: 0.3681 - acc: 0.8458
16/23 [===================>..........] - ETA: 4s - loss: 0.3839 - acc: 0.8379
17/23 [=====================>........] - ETA: 3s - loss: 0.3933 - acc: 0.8327
18/23 [======================>.......] - ETA: 3s - loss: 0.3904 - acc: 0.8351
19/23 [=======================>......] - ETA: 2s - loss: 0.3837 - acc: 0.8372
20/23 [=========================>....] - ETA: 1s - loss: 0.3976 - acc: 0.8286
21/23 [==========================>...] - ETA: 1s - loss: 0.3983 - acc: 0.8279
22/23 [===========================>..] - ETA: 0s - loss: 0.4001 - acc: 0.8272
24/23 [===============================] - 22s 923ms/step - loss: 0.3917 - acc: 0.8299 - val_loss: 0.3753 - val_acc: 0.8235
Epoch 9/10

 1/23 [>.............................] - ETA: 14s - loss: 0.3290 - acc: 0.8125
 2/23 [=>............................] - ETA: 13s - loss: 0.3533 - acc: 0.7969
 3/23 [==>...........................] - ETA: 13s - loss: 0.3265 - acc: 0.8333
 4/23 [====>.........................] - ETA: 12s - loss: 0.3565 - acc: 0.8203
 5/23 [=====>........................] - ETA: 11s - loss: 0.3675 - acc: 0.8250
 6/23 [======>.......................] - ETA: 11s - loss: 0.3673 - acc: 0.8229
 7/23 [========>.....................] - ETA: 10s - loss: 0.3775 - acc: 0.8170
 8/23 [=========>....................] - ETA: 9s - loss: 0.3819 - acc: 0.8047 
 9/23 [==========>...................] - ETA: 9s - loss: 0.3908 - acc: 0.8090
10/23 [============>.................] - ETA: 8s - loss: 0.3839 - acc: 0.8094
11/23 [=============>................] - ETA: 7s - loss: 0.3945 - acc: 0.8068
12/23 [==============>...............] - ETA: 7s - loss: 0.3853 - acc: 0.8177
13/23 [===============>..............] - ETA: 6s - loss: 0.3831 - acc: 0.8173
14/23 [=================>............] - ETA: 5s - loss: 0.3780 - acc: 0.8237
15/23 [==================>...........] - ETA: 5s - loss: 0.3805 - acc: 0.8229
16/23 [===================>..........] - ETA: 4s - loss: 0.3877 - acc: 0.8184
17/23 [=====================>........] - ETA: 3s - loss: 0.3853 - acc: 0.8235
18/23 [======================>.......] - ETA: 3s - loss: 0.3911 - acc: 0.8212
19/23 [=======================>......] - ETA: 2s - loss: 0.3933 - acc: 0.8191
20/23 [=========================>....] - ETA: 1s - loss: 0.3913 - acc: 0.8219
21/23 [==========================>...] - ETA: 1s - loss: 0.3908 - acc: 0.8229
22/23 [===========================>..] - ETA: 0s - loss: 0.3850 - acc: 0.8249
24/23 [===============================] - 22s 931ms/step - loss: 0.3920 - acc: 0.8276 - val_loss: 0.3666 - val_acc: 0.8021
Epoch 10/10

 1/23 [>.............................] - ETA: 14s - loss: 0.2306 - acc: 0.9062
 2/23 [=>............................] - ETA: 13s - loss: 0.2786 - acc: 0.8750
 3/23 [==>...........................] - ETA: 12s - loss: 0.3206 - acc: 0.8646
 4/23 [====>.........................] - ETA: 12s - loss: 0.3184 - acc: 0.8750
 5/23 [=====>........................] - ETA: 11s - loss: 0.3480 - acc: 0.8625
 6/23 [======>.......................] - ETA: 10s - loss: 0.3506 - acc: 0.8698
 7/23 [========>.....................] - ETA: 10s - loss: 0.3589 - acc: 0.8661
 8/23 [=========>....................] - ETA: 9s - loss: 0.3717 - acc: 0.8516 
 9/23 [==========>...................] - ETA: 9s - loss: 0.3665 - acc: 0.8507
10/23 [============>.................] - ETA: 8s - loss: 0.3598 - acc: 0.8531
11/23 [=============>................] - ETA: 7s - loss: 0.3689 - acc: 0.8551
12/23 [==============>...............] - ETA: 7s - loss: 0.3796 - acc: 0.8490
13/23 [===============>..............] - ETA: 6s - loss: 0.3763 - acc: 0.8510
14/23 [=================>............] - ETA: 5s - loss: 0.3653 - acc: 0.8594
15/23 [==================>...........] - ETA: 5s - loss: 0.3603 - acc: 0.8604
16/23 [===================>..........] - ETA: 4s - loss: 0.3653 - acc: 0.8535
17/23 [=====================>........] - ETA: 3s - loss: 0.3656 - acc: 0.8548
18/23 [======================>.......] - ETA: 3s - loss: 0.3735 - acc: 0.8455
19/23 [=======================>......] - ETA: 2s - loss: 0.3772 - acc: 0.8405
20/23 [=========================>....] - ETA: 1s - loss: 0.3800 - acc: 0.8375
21/23 [==========================>...] - ETA: 1s - loss: 0.3846 - acc: 0.8348
22/23 [===========================>..] - ETA: 0s - loss: 0.3855 - acc: 0.8366
24/23 [===============================] - 22s 930ms/step - loss: 0.3827 - acc: 0.8394 - val_loss: 0.3915 - val_acc: 0.8182
